INFO:root:population: 200  total generations: 50
INFO:root:==================== Tasks ====================
INFO:root:id: 0 exec_time: 0 deps: []
INFO:root:id: 1 exec_time: 1 deps: []
INFO:root:id: 2 exec_time: 5 deps: [1]
INFO:root:id: 3 exec_time: 5 deps: [1]
INFO:root:id: 4 exec_time: 5 deps: [1]
INFO:root:id: 5 exec_time: 5 deps: [1]
INFO:root:id: 6 exec_time: 5 deps: [2, 3]
INFO:root:id: 7 exec_time: 5 deps: [3, 4]
INFO:root:id: 8 exec_time: 5 deps: [4, 5]
INFO:root:id: 9 exec_time: 5 deps: [2, 5]
INFO:root:id: 10 exec_time: 14 deps: [6]
INFO:root:id: 11 exec_time: 14 deps: [7]
INFO:root:id: 12 exec_time: 14 deps: [8]
INFO:root:id: 13 exec_time: 14 deps: [9]
INFO:root:id: 14 exec_time: 1 deps: [10, 11, 12, 13]
INFO:root:==================================================
INFO:root:iteration 1 max_score: 164 avg_missed: 5.075 makespan: 50
INFO:root:iteration 2 max_score: 163 avg_missed: 3.145 makespan: 51
INFO:root:iteration 3 max_score: 168 avg_missed: 1.98 makespan: 51
INFO:root:iteration 4 max_score: 184 avg_missed: 0.92 makespan: 45
INFO:root:iteration 5 max_score: 193 avg_missed: 0.895 makespan: 46
INFO:root:iteration 6 max_score: 193 avg_missed: 0.76 makespan: 46
INFO:root:iteration 7 max_score: 193 avg_missed: 0.495 makespan: 46
INFO:root:iteration 8 max_score: 198 avg_missed: 0.525 makespan: 46
INFO:root:iteration 9 max_score: 193 avg_missed: 0.42 makespan: 46
INFO:root:iteration 10 max_score: 198 avg_missed: 0.435 makespan: 46
INFO:root:iteration 11 max_score: 198 avg_missed: 0.365 makespan: 46
INFO:root:iteration 12 max_score: 198 avg_missed: 0.335 makespan: 46
INFO:root:iteration 13 max_score: 198 avg_missed: 0.31 makespan: 46
INFO:root:iteration 14 max_score: 198 avg_missed: 0.395 makespan: 46
INFO:root:iteration 15 max_score: 198 avg_missed: 0.43 makespan: 46
INFO:root:iteration 16 max_score: 198 avg_missed: 0.38 makespan: 46
INFO:root:iteration 17 max_score: 198 avg_missed: 0.305 makespan: 46
INFO:root:iteration 18 max_score: 198 avg_missed: 0.3 makespan: 46
INFO:root:iteration 19 max_score: 198 avg_missed: 0.17 makespan: 46
INFO:root:iteration 20 max_score: 198 avg_missed: 0.265 makespan: 46
INFO:root:iteration 21 max_score: 198 avg_missed: 0.165 makespan: 46
INFO:root:iteration 22 max_score: 198 avg_missed: 0.155 makespan: 46
INFO:root:iteration 23 max_score: 198 avg_missed: 0.18 makespan: 46
INFO:root:iteration 24 max_score: 198 avg_missed: 0.2 makespan: 46
INFO:root:iteration 25 max_score: 198 avg_missed: 0.09 makespan: 46
INFO:root:iteration 26 max_score: 199 avg_missed: 0.135 makespan: 45
INFO:root:iteration 27 max_score: 199 avg_missed: 0.15 makespan: 45
INFO:root:iteration 28 max_score: 199 avg_missed: 0.1 makespan: 45
INFO:root:iteration 29 max_score: 199 avg_missed: 0.045 makespan: 45
INFO:root:iteration 30 max_score: 199 avg_missed: 0.03 makespan: 45
INFO:root:iteration 31 max_score: 199 avg_missed: 0.17 makespan: 45
INFO:root:iteration 32 max_score: 199 avg_missed: 0.065 makespan: 45
INFO:root:iteration 33 max_score: 199 avg_missed: 0.025 makespan: 45
INFO:root:iteration 34 max_score: 199 avg_missed: 0.09 makespan: 45
INFO:root:iteration 35 max_score: 199 avg_missed: 0.0 makespan: 45
INFO:root:iteration 36 max_score: 199 avg_missed: 0.0 makespan: 45
INFO:root:iteration 37 max_score: 199 avg_missed: 0.035 makespan: 45
INFO:root:iteration 38 max_score: 199 avg_missed: 0.135 makespan: 45
INFO:root:iteration 39 max_score: 199 avg_missed: 0.02 makespan: 45
INFO:root:iteration 40 max_score: 199 avg_missed: 0.025 makespan: 45
INFO:root:iteration 41 max_score: 199 avg_missed: 0.04 makespan: 45
INFO:root:iteration 42 max_score: 199 avg_missed: 0.03 makespan: 45
INFO:root:iteration 43 max_score: 199 avg_missed: 0.17 makespan: 45
INFO:root:iteration 44 max_score: 199 avg_missed: 0.08 makespan: 45
INFO:root:iteration 45 max_score: 199 avg_missed: 0.005 makespan: 45
INFO:root:iteration 46 max_score: 199 avg_missed: 0.0 makespan: 45
INFO:root:iteration 47 max_score: 199 avg_missed: 0.135 makespan: 45
INFO:root:iteration 48 max_score: 199 avg_missed: 0.0 makespan: 45
INFO:root:iteration 49 max_score: 199 avg_missed: 0.105 makespan: 45
INFO:root:iteration 50 max_score: 199 avg_missed: 0.05 makespan: 45
INFO:root:total execution time on each core: [19, 5, 45, 29]
INFO:root:best schedule: [0, 2, 0, 2, 3, 2, 2, 3, 3, 1, 3, 0, 2, 2, 2]
INFO:root:--------------------
INFO:root:core 0: {0: (0, 0), 2: (1, 11), 11: (11, 39)}
INFO:root:core 1: {9: (11, 21)}
INFO:root:core 2: {1: (0, 1), 3: (1, 6), 5: (6, 11), 6: (11, 16), 12: (16, 30), 13: (30, 44), 14: (44, 45)}
INFO:root:core 3: {4: (1, 6), 7: (6, 11), 8: (11, 16), 10: (16, 30)}
INFO:root:makespan: 45
