INFO:root:population: 200  total generations: 50
INFO:root:==================== Tasks ====================
INFO:root:id: 0 exec_time: 0 deps: []
INFO:root:id: 1 exec_time: 18 deps: [0]
INFO:root:id: 2 exec_time: 14 deps: [0]
INFO:root:id: 3 exec_time: 14 deps: [0]
INFO:root:id: 4 exec_time: 37 deps: [1, 2, 3]
INFO:root:id: 5 exec_time: 5 deps: [0]
INFO:root:id: 6 exec_time: 1 deps: [5]
INFO:root:id: 7 exec_time: 1 deps: [5]
INFO:root:id: 8 exec_time: 1 deps: [5]
INFO:root:id: 9 exec_time: 15 deps: [0]
INFO:root:id: 10 exec_time: 5 deps: [9]
INFO:root:id: 11 exec_time: 9 deps: [10]
INFO:root:id: 12 exec_time: 9 deps: [10]
INFO:root:id: 13 exec_time: 9 deps: [10]
INFO:root:id: 14 exec_time: 9 deps: [10]
INFO:root:id: 15 exec_time: 9 deps: [10]
INFO:root:id: 16 exec_time: 9 deps: [10]
INFO:root:id: 17 exec_time: 16 deps: [11]
INFO:root:id: 18 exec_time: 16 deps: [12]
INFO:root:id: 19 exec_time: 16 deps: [13]
INFO:root:id: 20 exec_time: 12 deps: [2, 14]
INFO:root:id: 21 exec_time: 8 deps: [3, 15]
INFO:root:id: 22 exec_time: 12 deps: [1, 14]
INFO:root:id: 23 exec_time: 8 deps: [3, 16]
INFO:root:id: 24 exec_time: 12 deps: [1, 15]
INFO:root:id: 25 exec_time: 8 deps: [2, 16]
INFO:root:id: 26 exec_time: 86 deps: [4, 17, 18, 19, 20, 21, 22, 23, 24, 25]
INFO:root:id: 27 exec_time: 19 deps: [6]
INFO:root:id: 28 exec_time: 7 deps: [7]
INFO:root:id: 29 exec_time: 7 deps: [8]
INFO:root:id: 30 exec_time: 11 deps: [1, 2, 3]
INFO:root:id: 31 exec_time: 11 deps: [1, 2, 3]
INFO:root:id: 32 exec_time: 11 deps: [1, 2, 3]
INFO:root:id: 33 exec_time: 20 deps: [0]
INFO:root:id: 34 exec_time: 12 deps: [0]
INFO:root:id: 35 exec_time: 12 deps: [0]
INFO:root:id: 36 exec_time: 16 deps: [0]
INFO:root:id: 37 exec_time: 12 deps: [0]
INFO:root:id: 38 exec_time: 12 deps: [0]
INFO:root:id: 39 exec_time: 16 deps: [0]
INFO:root:id: 40 exec_time: 8 deps: [0]
INFO:root:id: 41 exec_time: 12 deps: [0]
INFO:root:id: 42 exec_time: 86 deps: [26, 33, 34, 35, 36, 37, 38, 39, 40, 41]
INFO:root:id: 43 exec_time: 7 deps: [27]
INFO:root:id: 44 exec_time: 7 deps: [28]
INFO:root:id: 45 exec_time: 7 deps: [29]
INFO:root:id: 46 exec_time: 11 deps: [1, 2, 3]
INFO:root:id: 47 exec_time: 11 deps: [1, 2, 3]
INFO:root:id: 48 exec_time: 11 deps: [1, 2, 3]
INFO:root:id: 49 exec_time: 16 deps: [0]
INFO:root:id: 50 exec_time: 8 deps: [0]
INFO:root:id: 51 exec_time: 8 deps: [0]
INFO:root:id: 52 exec_time: 16 deps: [0]
INFO:root:id: 53 exec_time: 8 deps: [0]
INFO:root:id: 54 exec_time: 8 deps: [0]
INFO:root:id: 55 exec_time: 16 deps: [0]
INFO:root:id: 56 exec_time: 8 deps: [0]
INFO:root:id: 57 exec_time: 8 deps: [0]
INFO:root:id: 58 exec_time: 86 deps: [42, 49, 50, 51, 52, 53, 54, 55, 56, 57]
INFO:root:id: 59 exec_time: 7 deps: [43]
INFO:root:id: 60 exec_time: 7 deps: [44]
INFO:root:id: 61 exec_time: 7 deps: [45]
INFO:root:id: 62 exec_time: 11 deps: [1, 2, 3]
INFO:root:id: 63 exec_time: 11 deps: [1, 2, 3]
INFO:root:id: 64 exec_time: 11 deps: [1, 2, 3]
INFO:root:id: 65 exec_time: 14 deps: [0]
INFO:root:id: 66 exec_time: 10 deps: [0]
INFO:root:id: 67 exec_time: 10 deps: [0]
INFO:root:id: 68 exec_time: 14 deps: [0]
INFO:root:id: 69 exec_time: 10 deps: [0]
INFO:root:id: 70 exec_time: 10 deps: [0]
INFO:root:id: 71 exec_time: 14 deps: [0]
INFO:root:id: 72 exec_time: 10 deps: [0]
INFO:root:id: 73 exec_time: 10 deps: [0]
INFO:root:id: 74 exec_time: 14 deps: [0]
INFO:root:id: 75 exec_time: 10 deps: [0]
INFO:root:id: 76 exec_time: 10 deps: [0]
INFO:root:id: 77 exec_time: 14 deps: [0]
INFO:root:id: 78 exec_time: 10 deps: [0]
INFO:root:id: 79 exec_time: 10 deps: [0]
INFO:root:id: 80 exec_time: 14 deps: [0]
INFO:root:id: 81 exec_time: 10 deps: [0]
INFO:root:id: 82 exec_time: 10 deps: [0]
INFO:root:id: 83 exec_time: 14 deps: [0]
INFO:root:id: 84 exec_time: 10 deps: [0]
INFO:root:id: 85 exec_time: 10 deps: [0]
INFO:root:id: 86 exec_time: 14 deps: [0]
INFO:root:id: 87 exec_time: 10 deps: [0]
INFO:root:id: 88 exec_time: 10 deps: [0]
INFO:root:id: 89 exec_time: 14 deps: [0]
INFO:root:id: 90 exec_time: 10 deps: [0]
INFO:root:id: 91 exec_time: 10 deps: [0]
INFO:root:id: 92 exec_time: 248 deps: [58, 65, 66, 67, 68, 69, 70, 71, 72, 73, 74, 75, 76, 77, 78, 79, 80, 81, 82, 83, 84, 85, 86, 87, 88, 89, 90, 91]
INFO:root:id: 93 exec_time: 19 deps: [59]
INFO:root:id: 94 exec_time: 19 deps: [60]
INFO:root:id: 95 exec_time: 19 deps: [61]
INFO:root:id: 96 exec_time: 19 deps: [46, 49, 50, 51, 52, 53, 54, 55, 56, 57]
INFO:root:id: 97 exec_time: 19 deps: [47, 49, 50, 51, 52, 53, 54, 55, 56, 57]
INFO:root:id: 98 exec_time: 19 deps: [48, 49, 50, 51, 52, 53, 54, 55, 56, 57]
INFO:root:id: 99 exec_time: 19 deps: [33, 34, 35, 36, 37, 38, 39, 40, 41, 62]
INFO:root:id: 100 exec_time: 19 deps: [33, 34, 35, 36, 37, 38, 39, 40, 41, 63]
INFO:root:id: 101 exec_time: 19 deps: [33, 34, 35, 36, 37, 38, 39, 40, 41, 64]
INFO:root:id: 102 exec_time: 9 deps: [9]
INFO:root:id: 103 exec_time: 9 deps: [9]
INFO:root:id: 104 exec_time: 9 deps: [9]
INFO:root:id: 105 exec_time: 9 deps: [9]
INFO:root:id: 106 exec_time: 9 deps: [9]
INFO:root:id: 107 exec_time: 9 deps: [9]
INFO:root:id: 108 exec_time: 9 deps: [9]
INFO:root:id: 109 exec_time: 9 deps: [9]
INFO:root:id: 110 exec_time: 9 deps: [9]
INFO:root:id: 111 exec_time: 9 deps: [9]
INFO:root:id: 112 exec_time: 12 deps: [103]
INFO:root:id: 113 exec_time: 8 deps: [108]
INFO:root:id: 114 exec_time: 8 deps: [110]
INFO:root:id: 115 exec_time: 12 deps: [106]
INFO:root:id: 116 exec_time: 8 deps: [104]
INFO:root:id: 117 exec_time: 8 deps: [111]
INFO:root:id: 118 exec_time: 12 deps: [107]
INFO:root:id: 119 exec_time: 8 deps: [109]
INFO:root:id: 120 exec_time: 8 deps: [105]
INFO:root:id: 121 exec_time: 14 deps: [106]
INFO:root:id: 122 exec_time: 14 deps: [107]
INFO:root:id: 123 exec_time: 14 deps: [106]
INFO:root:id: 124 exec_time: 14 deps: [102]
INFO:root:id: 125 exec_time: 14 deps: [107]
INFO:root:id: 126 exec_time: 14 deps: [102]
INFO:root:id: 127 exec_time: 10 deps: [108]
INFO:root:id: 128 exec_time: 10 deps: [102]
INFO:root:id: 129 exec_time: 10 deps: [108]
INFO:root:id: 130 exec_time: 10 deps: [109]
INFO:root:id: 131 exec_time: 10 deps: [102]
INFO:root:id: 132 exec_time: 10 deps: [109]
INFO:root:id: 133 exec_time: 10 deps: [102]
INFO:root:id: 134 exec_time: 10 deps: [110]
INFO:root:id: 135 exec_time: 10 deps: [102]
INFO:root:id: 136 exec_time: 10 deps: [111]
INFO:root:id: 137 exec_time: 10 deps: [110]
INFO:root:id: 138 exec_time: 10 deps: [111]
INFO:root:id: 139 exec_time: 6 deps: [17, 112]
INFO:root:id: 140 exec_time: 6 deps: [20, 121]
INFO:root:id: 141 exec_time: 6 deps: [21, 122]
INFO:root:id: 142 exec_time: 6 deps: [22, 123]
INFO:root:id: 143 exec_time: 6 deps: [18, 113]
INFO:root:id: 144 exec_time: 6 deps: [23, 124]
INFO:root:id: 145 exec_time: 6 deps: [24, 125]
INFO:root:id: 146 exec_time: 6 deps: [25, 126]
INFO:root:id: 147 exec_time: 6 deps: [19, 114]
INFO:root:id: 148 exec_time: 6 deps: [17, 115]
INFO:root:id: 149 exec_time: 6 deps: [20, 127]
INFO:root:id: 150 exec_time: 6 deps: [21, 128]
INFO:root:id: 151 exec_time: 6 deps: [22, 129]
INFO:root:id: 152 exec_time: 6 deps: [18, 116]
INFO:root:id: 153 exec_time: 6 deps: [23, 130]
INFO:root:id: 154 exec_time: 6 deps: [24, 131]
INFO:root:id: 155 exec_time: 6 deps: [25, 132]
INFO:root:id: 156 exec_time: 6 deps: [19, 117]
INFO:root:id: 157 exec_time: 6 deps: [17, 118]
INFO:root:id: 158 exec_time: 6 deps: [20, 133]
INFO:root:id: 159 exec_time: 6 deps: [21, 134]
INFO:root:id: 160 exec_time: 6 deps: [22, 135]
INFO:root:id: 161 exec_time: 6 deps: [18, 119]
INFO:root:id: 162 exec_time: 6 deps: [23, 136]
INFO:root:id: 163 exec_time: 6 deps: [24, 137]
INFO:root:id: 164 exec_time: 6 deps: [25, 138]
INFO:root:id: 165 exec_time: 6 deps: [19, 120]
INFO:root:id: 166 exec_time: 248 deps: [92, 139, 140, 141, 142, 143, 144, 145, 146, 147, 148, 149, 150, 151, 152, 153, 154, 155, 156, 157, 158, 159, 160, 161, 162, 163, 164, 165]
INFO:root:id: 167 exec_time: 55 deps: [93]
INFO:root:id: 168 exec_time: 19 deps: [94]
INFO:root:id: 169 exec_time: 19 deps: [95]
INFO:root:id: 170 exec_time: 19 deps: [30, 33, 34, 35, 36, 37, 38, 39, 40, 41]
INFO:root:id: 171 exec_time: 19 deps: [31, 33, 34, 35, 36, 37, 38, 39, 40, 41]
INFO:root:id: 172 exec_time: 19 deps: [32, 33, 34, 35, 36, 37, 38, 39, 40, 41]
INFO:root:id: 173 exec_time: 19 deps: [17, 18, 19, 20, 21, 22, 23, 24, 25, 96]
INFO:root:id: 174 exec_time: 19 deps: [17, 18, 19, 20, 21, 22, 23, 24, 25, 97]
INFO:root:id: 175 exec_time: 19 deps: [17, 18, 19, 20, 21, 22, 23, 24, 25, 98]
INFO:root:id: 176 exec_time: 6 deps: [17, 112]
INFO:root:id: 177 exec_time: 6 deps: [20, 121]
INFO:root:id: 178 exec_time: 6 deps: [21, 122]
INFO:root:id: 179 exec_time: 6 deps: [22, 123]
INFO:root:id: 180 exec_time: 6 deps: [18, 113]
INFO:root:id: 181 exec_time: 6 deps: [23, 124]
INFO:root:id: 182 exec_time: 6 deps: [24, 125]
INFO:root:id: 183 exec_time: 6 deps: [25, 126]
INFO:root:id: 184 exec_time: 6 deps: [19, 114]
INFO:root:id: 185 exec_time: 6 deps: [17, 115]
INFO:root:id: 186 exec_time: 6 deps: [20, 127]
INFO:root:id: 187 exec_time: 6 deps: [21, 128]
INFO:root:id: 188 exec_time: 6 deps: [22, 129]
INFO:root:id: 189 exec_time: 6 deps: [18, 116]
INFO:root:id: 190 exec_time: 6 deps: [23, 130]
INFO:root:id: 191 exec_time: 6 deps: [24, 131]
INFO:root:id: 192 exec_time: 6 deps: [25, 132]
INFO:root:id: 193 exec_time: 6 deps: [19, 117]
INFO:root:id: 194 exec_time: 6 deps: [17, 118]
INFO:root:id: 195 exec_time: 6 deps: [20, 133]
INFO:root:id: 196 exec_time: 6 deps: [21, 134]
INFO:root:id: 197 exec_time: 6 deps: [22, 135]
INFO:root:id: 198 exec_time: 6 deps: [18, 119]
INFO:root:id: 199 exec_time: 6 deps: [23, 136]
INFO:root:id: 200 exec_time: 6 deps: [24, 137]
INFO:root:id: 201 exec_time: 6 deps: [25, 138]
INFO:root:id: 202 exec_time: 6 deps: [19, 120]
INFO:root:id: 203 exec_time: 248 deps: [166, 176, 177, 178, 179, 180, 181, 182, 183, 184, 185, 186, 187, 188, 189, 190, 191, 192, 193, 194, 195, 196, 197, 198, 199, 200, 201, 202]
INFO:root:id: 204 exec_time: 55 deps: [167]
INFO:root:id: 205 exec_time: 19 deps: [168]
INFO:root:id: 206 exec_time: 19 deps: [169]
INFO:root:id: 207 exec_time: 19 deps: [49, 50, 51, 52, 53, 54, 55, 56, 57, 170]
INFO:root:id: 208 exec_time: 19 deps: [49, 50, 51, 52, 53, 54, 55, 56, 57, 171]
INFO:root:id: 209 exec_time: 19 deps: [49, 50, 51, 52, 53, 54, 55, 56, 57, 172]
INFO:root:id: 210 exec_time: 19 deps: [17, 18, 19, 20, 21, 22, 23, 24, 25, 99]
INFO:root:id: 211 exec_time: 19 deps: [17, 18, 19, 20, 21, 22, 23, 24, 25, 100]
INFO:root:id: 212 exec_time: 19 deps: [17, 18, 19, 20, 21, 22, 23, 24, 25, 101]
INFO:root:id: 213 exec_time: 19 deps: [0]
INFO:root:id: 214 exec_time: 5 deps: [5, 6, 7, 8]
INFO:root:id: 215 exec_time: 19 deps: [214]
INFO:root:id: 216 exec_time: 9 deps: [215]
INFO:root:id: 217 exec_time: 5 deps: [216]
INFO:root:id: 218 exec_time: 14 deps: [214]
INFO:root:id: 219 exec_time: 5 deps: [218]
INFO:root:id: 220 exec_time: 5 deps: [213, 214, 215, 218]
INFO:root:id: 221 exec_time: 7 deps: [217, 219, 220]
INFO:root:id: 222 exec_time: 10 deps: [216, 220]
INFO:root:id: 223 exec_time: 10 deps: [216, 220]
INFO:root:id: 224 exec_time: 10 deps: [215, 220]
INFO:root:id: 225 exec_time: 13 deps: [215, 218, 220]
INFO:root:id: 226 exec_time: 1 deps: [213, 220, 221, 222, 223, 224, 225]
INFO:root:id: 227 exec_time: 7 deps: [217, 219, 226]
INFO:root:id: 228 exec_time: 6 deps: [216, 226]
INFO:root:id: 229 exec_time: 6 deps: [215, 226]
INFO:root:id: 230 exec_time: 6 deps: [216, 226]
INFO:root:id: 231 exec_time: 13 deps: [215, 218, 226]
INFO:root:id: 232 exec_time: 5 deps: [213, 226, 227, 228, 229, 230, 231]
INFO:root:id: 233 exec_time: 7 deps: [217, 219, 232]
INFO:root:id: 234 exec_time: 6 deps: [215, 232]
INFO:root:id: 235 exec_time: 6 deps: [216, 232]
INFO:root:id: 236 exec_time: 6 deps: [216, 232]
INFO:root:id: 237 exec_time: 9 deps: [215, 218, 232]
INFO:root:id: 238 exec_time: 32 deps: [17, 112, 221]
INFO:root:id: 239 exec_time: 28 deps: [20, 121]
INFO:root:id: 240 exec_time: 28 deps: [21, 122]
INFO:root:id: 241 exec_time: 28 deps: [22, 123]
INFO:root:id: 242 exec_time: 27 deps: [18, 113]
INFO:root:id: 243 exec_time: 28 deps: [23, 124]
INFO:root:id: 244 exec_time: 28 deps: [24, 125]
INFO:root:id: 245 exec_time: 28 deps: [25, 126]
INFO:root:id: 246 exec_time: 23 deps: [19, 114, 237]
INFO:root:id: 247 exec_time: 36 deps: [17, 112, 115]
INFO:root:id: 248 exec_time: 34 deps: [20, 121, 127]
INFO:root:id: 249 exec_time: 30 deps: [21, 122, 128]
INFO:root:id: 250 exec_time: 31 deps: [22, 123, 129]
INFO:root:id: 251 exec_time: 24 deps: [18, 113, 116, 228]
INFO:root:id: 252 exec_time: 30 deps: [23, 124, 130]
INFO:root:id: 253 exec_time: 30 deps: [24, 125, 131]
INFO:root:id: 254 exec_time: 31 deps: [25, 126, 132]
INFO:root:id: 255 exec_time: 24 deps: [19, 114, 117, 234]
INFO:root:id: 256 exec_time: 36 deps: [17, 112, 118]
INFO:root:id: 257 exec_time: 34 deps: [20, 121, 133]
INFO:root:id: 258 exec_time: 35 deps: [21, 122, 134]
INFO:root:id: 259 exec_time: 30 deps: [22, 123, 135]
INFO:root:id: 260 exec_time: 28 deps: [18, 113, 119]
INFO:root:id: 261 exec_time: 30 deps: [23, 124, 136]
INFO:root:id: 262 exec_time: 31 deps: [24, 125, 137]
INFO:root:id: 263 exec_time: 30 deps: [25, 126, 138]
INFO:root:id: 264 exec_time: 24 deps: [19, 114, 120, 235]
INFO:root:id: 265 exec_time: 36 deps: [17, 112, 115, 222]
INFO:root:id: 266 exec_time: 35 deps: [20, 121, 127]
INFO:root:id: 267 exec_time: 34 deps: [21, 122, 128]
INFO:root:id: 268 exec_time: 30 deps: [22, 123, 129]
INFO:root:id: 269 exec_time: 28 deps: [18, 113, 116]
INFO:root:id: 270 exec_time: 31 deps: [23, 124, 130]
INFO:root:id: 271 exec_time: 30 deps: [24, 125, 131]
INFO:root:id: 272 exec_time: 30 deps: [25, 126, 132]
INFO:root:id: 273 exec_time: 28 deps: [19, 114, 117]
INFO:root:id: 274 exec_time: 31 deps: [17, 115, 225]
INFO:root:id: 275 exec_time: 28 deps: [20, 127]
INFO:root:id: 276 exec_time: 28 deps: [21, 128]
INFO:root:id: 277 exec_time: 28 deps: [22, 129]
INFO:root:id: 278 exec_time: 23 deps: [18, 116, 227]
INFO:root:id: 279 exec_time: 28 deps: [23, 130]
INFO:root:id: 280 exec_time: 28 deps: [24, 131]
INFO:root:id: 281 exec_time: 28 deps: [25, 132]
INFO:root:id: 282 exec_time: 27 deps: [19, 117]
INFO:root:id: 283 exec_time: 36 deps: [17, 115, 118]
INFO:root:id: 284 exec_time: 34 deps: [20, 127, 133]
INFO:root:id: 285 exec_time: 34 deps: [21, 128, 134]
INFO:root:id: 286 exec_time: 31 deps: [22, 129, 135]
INFO:root:id: 287 exec_time: 28 deps: [18, 116, 119]
INFO:root:id: 288 exec_time: 30 deps: [23, 130, 136]
INFO:root:id: 289 exec_time: 30 deps: [24, 131, 137]
INFO:root:id: 290 exec_time: 31 deps: [25, 132, 138]
INFO:root:id: 291 exec_time: 24 deps: [19, 117, 120, 236]
INFO:root:id: 292 exec_time: 36 deps: [17, 112, 118, 223]
INFO:root:id: 293 exec_time: 34 deps: [20, 121, 133]
INFO:root:id: 294 exec_time: 35 deps: [21, 122, 134]
INFO:root:id: 295 exec_time: 30 deps: [22, 123, 135]
INFO:root:id: 296 exec_time: 24 deps: [18, 113, 119, 229]
INFO:root:id: 297 exec_time: 30 deps: [23, 124, 136]
INFO:root:id: 298 exec_time: 31 deps: [24, 125, 137]
INFO:root:id: 299 exec_time: 30 deps: [25, 126, 138]
INFO:root:id: 300 exec_time: 28 deps: [19, 114, 120]
INFO:root:id: 301 exec_time: 36 deps: [17, 115, 118, 224]
INFO:root:id: 302 exec_time: 35 deps: [20, 127, 133]
INFO:root:id: 303 exec_time: 34 deps: [21, 128, 134]
INFO:root:id: 304 exec_time: 30 deps: [22, 129, 135]
INFO:root:id: 305 exec_time: 24 deps: [18, 116, 119, 230]
INFO:root:id: 306 exec_time: 31 deps: [23, 130, 136]
INFO:root:id: 307 exec_time: 30 deps: [24, 131, 137]
INFO:root:id: 308 exec_time: 30 deps: [25, 132, 138]
INFO:root:id: 309 exec_time: 28 deps: [19, 117, 120]
INFO:root:id: 310 exec_time: 35 deps: [17, 118]
INFO:root:id: 311 exec_time: 28 deps: [20, 133]
INFO:root:id: 312 exec_time: 28 deps: [21, 134]
INFO:root:id: 313 exec_time: 28 deps: [22, 135]
INFO:root:id: 314 exec_time: 23 deps: [18, 119, 231]
INFO:root:id: 315 exec_time: 28 deps: [23, 136]
INFO:root:id: 316 exec_time: 28 deps: [24, 137]
INFO:root:id: 317 exec_time: 28 deps: [25, 138]
INFO:root:id: 318 exec_time: 23 deps: [19, 120, 233]
INFO:root:id: 319 exec_time: 404 deps: [238, 239, 240, 241, 242, 243, 244, 245, 246, 247, 248, 249, 250, 251, 252, 253, 254, 255, 256, 257, 258, 259, 260, 261, 262, 263, 264, 265, 266, 267, 268, 269, 270, 271, 272, 273, 274, 275, 276, 277, 278, 279, 280, 281, 282, 283, 284, 285, 286, 287, 288, 289, 290, 291, 292, 293, 294, 295, 296, 297, 298, 299, 300, 301, 302, 303, 304, 305, 306, 307, 308, 309, 310, 311, 312, 313, 314, 315, 316, 317, 318]
INFO:root:id: 320 exec_time: 9 deps: [319]
INFO:root:id: 321 exec_time: 5 deps: [203, 320]
INFO:root:id: 322 exec_time: 167 deps: [204]
INFO:root:id: 323 exec_time: 59 deps: [205]
INFO:root:id: 324 exec_time: 59 deps: [206]
INFO:root:id: 325 exec_time: 59 deps: [65, 66, 67, 68, 69, 70, 71, 72, 73, 74, 75, 76, 77, 78, 79, 80, 81, 82, 83, 84, 85, 86, 87, 88, 89, 90, 91, 207]
INFO:root:id: 326 exec_time: 59 deps: [65, 66, 67, 68, 69, 70, 71, 72, 73, 74, 75, 76, 77, 78, 79, 80, 81, 82, 83, 84, 85, 86, 87, 88, 89, 90, 91, 208]
INFO:root:id: 327 exec_time: 59 deps: [65, 66, 67, 68, 69, 70, 71, 72, 73, 74, 75, 76, 77, 78, 79, 80, 81, 82, 83, 84, 85, 86, 87, 88, 89, 90, 91, 209]
INFO:root:id: 328 exec_time: 59 deps: [173, 176, 177, 178, 179, 180, 181, 182, 183, 184, 185, 186, 187, 188, 189, 190, 191, 192, 193, 194, 195, 196, 197, 198, 199, 200, 201, 202]
INFO:root:id: 329 exec_time: 59 deps: [174, 176, 177, 178, 179, 180, 181, 182, 183, 184, 185, 186, 187, 188, 189, 190, 191, 192, 193, 194, 195, 196, 197, 198, 199, 200, 201, 202]
INFO:root:id: 330 exec_time: 59 deps: [175, 176, 177, 178, 179, 180, 181, 182, 183, 184, 185, 186, 187, 188, 189, 190, 191, 192, 193, 194, 195, 196, 197, 198, 199, 200, 201, 202]
INFO:root:id: 331 exec_time: 59 deps: [139, 140, 141, 142, 143, 144, 145, 146, 147, 148, 149, 150, 151, 152, 153, 154, 155, 156, 157, 158, 159, 160, 161, 162, 163, 164, 165, 210]
INFO:root:id: 332 exec_time: 59 deps: [139, 140, 141, 142, 143, 144, 145, 146, 147, 148, 149, 150, 151, 152, 153, 154, 155, 156, 157, 158, 159, 160, 161, 162, 163, 164, 165, 211]
INFO:root:id: 333 exec_time: 59 deps: [139, 140, 141, 142, 143, 144, 145, 146, 147, 148, 149, 150, 151, 152, 153, 154, 155, 156, 157, 158, 159, 160, 161, 162, 163, 164, 165, 212]
INFO:root:id: 334 exec_time: 16 deps: [0]
INFO:root:id: 335 exec_time: 0 deps: [321, 322, 323, 324, 325, 326, 327, 328, 329, 330, 331, 332, 333, 334]
INFO:root:==================================================
INFO:root:iteration 1 max_score: -1913 avg_missed: 235.19 makespan: 5856
INFO:root:iteration 2 max_score: 88137 avg_missed: 182.73 makespan: 5275
INFO:root:iteration 3 max_score: 143942 avg_missed: 118.27 makespan: 5336
INFO:root:iteration 4 max_score: 171561 avg_missed: 60.965 makespan: 4803
INFO:root:iteration 5 max_score: 187667 avg_missed: 35.795 makespan: 4794
INFO:root:iteration 6 max_score: 214191 avg_missed: 19.845 makespan: 4808
INFO:root:iteration 7 max_score: 223968 avg_missed: 10.73 makespan: 4845
INFO:root:iteration 8 max_score: 234158 avg_missed: 7.18 makespan: 4135
INFO:root:iteration 9 max_score: 240756 avg_missed: 4.345 makespan: 4690
INFO:root:iteration 10 max_score: 240756 avg_missed: 3.855 makespan: 4690
INFO:root:iteration 11 max_score: 255883 avg_missed: 2.725 makespan: 4204
INFO:root:iteration 12 max_score: 270044 avg_missed: 1.405 makespan: 4160
INFO:root:iteration 13 max_score: 278983 avg_missed: 0.68 makespan: 4319
INFO:root:iteration 14 max_score: 278983 avg_missed: 0.31 makespan: 4319
INFO:root:iteration 15 max_score: 283688 avg_missed: 0.115 makespan: 3974
INFO:root:iteration 16 max_score: 295071 avg_missed: 0.055 makespan: 4015
INFO:root:iteration 17 max_score: 295071 avg_missed: 0.03 makespan: 4015
INFO:root:iteration 18 max_score: 299052 avg_missed: 0.025 makespan: 3795
INFO:root:iteration 19 max_score: 303435 avg_missed: 0.01 makespan: 3826
INFO:root:iteration 20 max_score: 303435 avg_missed: 0.0 makespan: 3826
INFO:root:iteration 21 max_score: 313115 avg_missed: 0.0 makespan: 3904
INFO:root:iteration 22 max_score: 311308 avg_missed: 0.0 makespan: 3918
INFO:root:iteration 23 max_score: 318491 avg_missed: 0.0 makespan: 3362
INFO:root:iteration 24 max_score: 318901 avg_missed: 0.0 makespan: 3352
INFO:root:iteration 25 max_score: 318901 avg_missed: 0.0 makespan: 3352
INFO:root:iteration 26 max_score: 326439 avg_missed: 0.0 makespan: 3701
INFO:root:iteration 27 max_score: 328062 avg_missed: 0.0 makespan: 3611
INFO:root:iteration 28 max_score: 332059 avg_missed: 0.0 makespan: 3606
INFO:root:iteration 29 max_score: 336297 avg_missed: 0.0 makespan: 3578
INFO:root:iteration 30 max_score: 337566 avg_missed: 0.0 makespan: 3751
INFO:root:iteration 31 max_score: 339704 avg_missed: 0.0 makespan: 3537
INFO:root:iteration 32 max_score: 344286 avg_missed: 0.0 makespan: 3649
INFO:root:iteration 33 max_score: 348060 avg_missed: 0.075 makespan: 3356
INFO:root:iteration 34 max_score: 350961 avg_missed: 0.0 makespan: 3247
INFO:root:iteration 35 max_score: 351107 avg_missed: 0.0 makespan: 3321
INFO:root:iteration 36 max_score: 354428 avg_missed: 0.0 makespan: 3259
INFO:root:iteration 37 max_score: 354659 avg_missed: 0.0 makespan: 3206
INFO:root:iteration 38 max_score: 358417 avg_missed: 0.0 makespan: 3308
INFO:root:iteration 39 max_score: 358417 avg_missed: 0.0 makespan: 3308
INFO:root:iteration 40 max_score: 360244 avg_missed: 0.0 makespan: 3091
INFO:root:iteration 41 max_score: 361884 avg_missed: 0.0 makespan: 3132
INFO:root:iteration 42 max_score: 362988 avg_missed: 0.0 makespan: 3150
INFO:root:iteration 43 max_score: 363376 avg_missed: 0.0 makespan: 3159
INFO:root:iteration 44 max_score: 364432 avg_missed: 0.0 makespan: 3064
INFO:root:iteration 45 max_score: 365497 avg_missed: 0.0 makespan: 3065
INFO:root:iteration 46 max_score: 366281 avg_missed: 0.0 makespan: 3092
INFO:root:iteration 47 max_score: 366478 avg_missed: 0.0 makespan: 3060
INFO:root:iteration 48 max_score: 367822 avg_missed: 0.0 makespan: 3053
INFO:root:iteration 49 max_score: 367944 avg_missed: 0.0 makespan: 3053
INFO:root:iteration 50 max_score: 368585 avg_missed: 0.0 makespan: 3067
INFO:root:total execution time on each core: [1092, 1499, 2139, 2399]
INFO:root:best schedule: [0, 3, 0, 3, 3, 1, 1, 1, 1, 2, 1, 1, 1, 2, 2, 2, 0, 3, 3, 2, 1, 3, 2, 0, 2, 3, 3, 2, 1, 1, 0, 2, 1, 2, 1, 3, 0, 2, 2, 1, 2, 0, 3, 1, 2, 1, 2, 1, 3, 3, 2, 0, 2, 2, 2, 0, 2, 3, 3, 2, 2, 1, 0, 2, 1, 0, 3, 1, 2, 2, 2, 0, 1, 0, 1, 2, 0, 2, 2, 2, 1, 0, 1, 2, 2, 2, 3, 0, 1, 3, 3, 2, 3, 2, 0, 1, 1, 1, 2, 1, 0, 0, 2, 2, 2, 2, 0, 0, 1, 2, 2, 2, 0, 1, 2, 2, 2, 0, 1, 0, 3, 0, 3, 0, 2, 0, 0, 0, 1, 1, 1, 2, 2, 0, 1, 2, 2, 2, 3, 2, 3, 1, 0, 3, 0, 3, 3, 1, 2, 3, 3, 0, 2, 0, 1, 2, 2, 0, 2, 3, 2, 3, 2, 2, 3, 1, 2, 3, 3, 0, 3, 3, 3, 3, 3, 3, 0, 3, 3, 1, 0, 0, 2, 0, 1, 1, 0, 0, 0, 2, 1, 0, 1, 1, 0, 2, 0, 3, 1, 3, 0, 3, 1, 2, 1, 2, 0, 1, 0, 1, 3, 0, 3, 0, 3, 3, 3, 0, 1, 3, 1, 3, 0, 1, 3, 3, 1, 0, 3, 1, 3, 3, 0, 1, 1, 3, 3, 0, 3, 2, 1, 1, 0, 2, 2, 0, 0, 3, 1, 2, 1, 0, 2, 3, 2, 3, 1, 2, 1, 2, 3, 3, 2, 3, 1, 3, 1, 1, 0, 3, 2, 2, 2, 1, 0, 3, 3, 1, 0, 1, 0, 3, 0, 2, 2, 3, 3, 1, 0, 3, 3, 1, 0, 3, 1, 3, 1, 2, 2, 0, 2, 2, 2, 3, 0, 3, 3, 2, 2, 2, 1, 3, 0, 3, 2, 3, 2, 3, 3, 1, 1, 1, 3, 3, 2, 2, 3, 0, 2, 0, 3, 2, 3, 3, 2, 0]
INFO:root:--------------------
INFO:root:core 0: {0: (0, 0), 2: (0, 28), 16: (28, 46), 23: (46, 62), 30: (62, 84), 36: (84, 116), 41: (116, 140), 51: (140, 156), 55: (156, 188), 62: (188, 210), 65: (210, 238), 71: (238, 266), 73: (266, 286), 76: (286, 306), 81: (306, 326), 87: (326, 346), 94: (346, 384), 100: (384, 422), 101: (422, 460), 106: (460, 478), 107: (478, 496), 112: (496, 520), 117: (520, 536), 119: (536, 552), 121: (552, 580), 123: (580, 608), 125: (608, 636), 126: (636, 664), 127: (664, 684), 133: (684, 704), 142: (704, 716), 144: (716, 728), 151: (728, 740), 153: (740, 752), 157: (752, 764), 169: (764, 802), 176: (802, 814), 180: (814, 826), 181: (826, 838), 183: (838, 850), 186: (850, 862), 187: (862, 874), 188: (874, 886), 191: (886, 898), 194: (898, 910), 196: (910, 922), 200: (922, 934), 206: (934, 972), 208: (972, 1010), 211: (1010, 1048), 213: (1048, 1086), 217: (1093, 1103), 222: (1108, 1128), 227: (1140, 1154), 232: (1165, 1175), 237: (1175, 1193), 242: (1193, 1247), 245: (1247, 1303), 246: (1303, 1349), 251: (1349, 1397), 268: (1397, 1457), 274: (1457, 1519), 278: (1519, 1565), 280: (1565, 1621), 282: (1621, 1675), 288: (1675, 1735), 292: (1735, 1807), 299: (1807, 1867), 304: (1867, 1927), 312: (1927, 1983), 327: (1983, 2101), 329: (2101, 2219), 335: (3067, 3067)}
INFO:root:core 1: {5: (0, 10), 6: (10, 12), 7: (12, 14), 8: (14, 16), 10: (16, 26), 11: (26, 44), 12: (44, 62), 20: (62, 86), 28: (86, 100), 29: (100, 114), 32: (114, 136), 34: (136, 160), 39: (160, 192), 43: (192, 206), 45: (206, 220), 47: (220, 242), 61: (242, 256), 64: (256, 278), 67: (278, 298), 72: (298, 318), 74: (318, 346), 80: (346, 374), 82: (374, 394), 88: (394, 414), 95: (414, 452), 96: (452, 490), 97: (490, 528), 99: (528, 566), 108: (566, 584), 113: (584, 600), 118: (600, 624), 128: (624, 644), 129: (644, 664), 130: (664, 684), 134: (684, 704), 141: (740, 752), 147: (752, 764), 154: (764, 776), 165: (776, 788), 179: (788, 800), 184: (800, 812), 185: (812, 824), 190: (824, 836), 192: (836, 848), 193: (848, 860), 198: (860, 872), 202: (872, 884), 204: (884, 994), 207: (994, 1032), 209: (1032, 1070), 218: (1070, 1098), 220: (1098, 1108), 223: (1108, 1128), 226: (1138, 1140), 229: (1140, 1152), 233: (1175, 1189), 234: (1189, 1201), 240: (1201, 1257), 241: (1257, 1313), 248: (1313, 1381), 250: (1381, 1443), 256: (1443, 1515), 258: (1515, 1585), 264: (1585, 1633), 266: (1633, 1703), 267: (1703, 1771), 273: (1771, 1827), 277: (1827, 1883), 279: (1883, 1939), 287: (1939, 1995), 291: (1995, 2043), 294: (2043, 2113), 296: (2113, 2161), 310: (2161, 2231), 319: (2231, 3039), 320: (3039, 3057), 321: (3057, 3067)}
INFO:root:core 2: {9: (0, 15), 13: (26, 35), 14: (35, 44), 15: (44, 53), 19: (53, 69), 22: (69, 81), 24: (81, 93), 27: (93, 112), 31: (112, 123), 33: (123, 143), 37: (143, 155), 38: (155, 167), 40: (167, 175), 44: (175, 182), 46: (182, 193), 50: (193, 201), 52: (201, 217), 53: (217, 225), 54: (225, 233), 56: (233, 241), 59: (241, 248), 60: (248, 255), 63: (255, 266), 68: (266, 280), 69: (280, 290), 70: (290, 300), 75: (300, 310), 77: (310, 324), 78: (324, 334), 79: (334, 344), 83: (344, 358), 84: (358, 368), 85: (368, 378), 91: (378, 388), 93: (388, 407), 98: (407, 426), 102: (426, 435), 103: (435, 444), 104: (444, 453), 105: (453, 462), 109: (462, 471), 110: (471, 480), 111: (480, 489), 114: (489, 497), 115: (497, 509), 116: (509, 517), 124: (517, 531), 131: (531, 541), 132: (541, 551), 135: (551, 561), 136: (561, 571), 137: (571, 581), 139: (581, 587), 148: (587, 593), 152: (593, 599), 155: (599, 605), 156: (605, 611), 158: (704, 710), 160: (710, 716), 162: (716, 722), 163: (722, 728), 166: (804, 1052), 182: (1052, 1058), 189: (1058, 1064), 195: (1064, 1070), 203: (1070, 1318), 205: (1318, 1337), 239: (1337, 1365), 243: (1365, 1393), 244: (1393, 1421), 249: (1421, 1451), 252: (1451, 1481), 254: (1481, 1512), 257: (1512, 1546), 259: (1546, 1576), 262: (1576, 1607), 270: (1607, 1638), 271: (1638, 1668), 272: (1668, 1698), 283: (1698, 1734), 284: (1734, 1768), 297: (1768, 1798), 298: (1798, 1829), 300: (1829, 1857), 301: (1857, 1893), 302: (1893, 1928), 307: (1928, 1958), 308: (1958, 1988), 309: (1988, 2016), 314: (2016, 2039), 316: (2039, 2067), 324: (2067, 2126), 325: (2126, 2185), 328: (2185, 2244), 331: (2244, 2303), 334: (2303, 2319)}
INFO:root:core 3: {1: (0, 18), 3: (18, 32), 4: (32, 69), 17: (69, 85), 18: (85, 101), 21: (101, 109), 25: (109, 117), 26: (117, 203), 35: (203, 215), 42: (215, 301), 48: (301, 312), 49: (312, 328), 57: (328, 336), 58: (336, 422), 66: (422, 432), 86: (432, 446), 89: (446, 460), 90: (460, 470), 92: (470, 718), 120: (718, 726), 122: (726, 740), 138: (740, 750), 140: (750, 756), 143: (756, 762), 145: (762, 768), 146: (768, 774), 149: (774, 780), 150: (780, 786), 159: (786, 792), 161: (792, 798), 164: (798, 804), 167: (804, 859), 168: (859, 878), 170: (878, 897), 171: (897, 916), 172: (916, 935), 173: (935, 954), 174: (954, 973), 175: (973, 992), 177: (992, 998), 178: (998, 1004), 197: (1004, 1010), 199: (1010, 1016), 201: (1016, 1022), 210: (1022, 1041), 212: (1041, 1060), 214: (1060, 1065), 215: (1065, 1084), 216: (1084, 1093), 219: (1098, 1103), 221: (1108, 1115), 224: (1115, 1125), 225: (1125, 1138), 228: (1140, 1146), 230: (1146, 1152), 231: (1152, 1165), 235: (1175, 1181), 236: (1181, 1187), 238: (1187, 1219), 247: (1219, 1255), 253: (1255, 1285), 255: (1285, 1309), 260: (1309, 1337), 261: (1337, 1367), 263: (1367, 1397), 265: (1397, 1433), 269: (1433, 1461), 275: (1461, 1489), 276: (1489, 1517), 281: (1517, 1545), 285: (1545, 1579), 286: (1579, 1610), 289: (1610, 1640), 290: (1640, 1671), 293: (1671, 1705), 295: (1705, 1735), 303: (1735, 1769), 305: (1769, 1793), 306: (1793, 1824), 311: (1824, 1852), 313: (1852, 1880), 315: (1880, 1908), 317: (1908, 1936), 318: (1936, 1959), 322: (1959, 2126), 323: (2126, 2185), 326: (2185, 2244), 330: (2244, 2303), 332: (2303, 2362), 333: (2362, 2421)}
INFO:root:makespan: 3067
