INFO:root:population: 200  total generations: 50
INFO:root:==================== Tasks ====================
INFO:root:id: 0 exec_time: 0 deps: []
INFO:root:id: 1 exec_time: 80 deps: []
INFO:root:id: 2 exec_time: 40 deps: [1]
INFO:root:id: 3 exec_time: 40 deps: [1]
INFO:root:id: 4 exec_time: 40 deps: [1]
INFO:root:id: 5 exec_time: 40 deps: [1]
INFO:root:id: 6 exec_time: 40 deps: [1]
INFO:root:id: 7 exec_time: 60 deps: [1, 3]
INFO:root:id: 8 exec_time: 30 deps: [3, 7]
INFO:root:id: 9 exec_time: 30 deps: [4, 7]
INFO:root:id: 10 exec_time: 30 deps: [5, 7]
INFO:root:id: 11 exec_time: 30 deps: [6, 7]
INFO:root:id: 12 exec_time: 40 deps: [7, 9]
INFO:root:id: 13 exec_time: 20 deps: [9, 12]
INFO:root:id: 14 exec_time: 20 deps: [10, 12]
INFO:root:id: 15 exec_time: 20 deps: [11, 12]
INFO:root:id: 16 exec_time: 20 deps: [12, 14]
INFO:root:id: 17 exec_time: 10 deps: [14, 16]
INFO:root:id: 18 exec_time: 10 deps: [15, 16]
INFO:root:id: 19 exec_time: 0 deps: [2, 8, 13, 17, 18]
INFO:root:==================================================
INFO:root:iteration 1 max_score: 1082 avg_missed: 13.015 makespan: 450
INFO:root:iteration 2 max_score: 1232 avg_missed: 9.14 makespan: 420
INFO:root:iteration 3 max_score: 2062 avg_missed: 5.76 makespan: 370
INFO:root:iteration 4 max_score: 2062 avg_missed: 3.095 makespan: 370
INFO:root:iteration 5 max_score: 2062 avg_missed: 2.035 makespan: 370
INFO:root:iteration 6 max_score: 2202 avg_missed: 1.56 makespan: 330
INFO:root:iteration 7 max_score: 2252 avg_missed: 1.1 makespan: 330
INFO:root:iteration 8 max_score: 2252 avg_missed: 0.585 makespan: 330
INFO:root:iteration 9 max_score: 2252 avg_missed: 0.345 makespan: 330
INFO:root:iteration 10 max_score: 2292 avg_missed: 0.105 makespan: 330
INFO:root:iteration 11 max_score: 2292 avg_missed: 0.175 makespan: 330
INFO:root:iteration 12 max_score: 2292 avg_missed: 0.12 makespan: 330
INFO:root:iteration 13 max_score: 2352 avg_missed: 0.0 makespan: 310
INFO:root:iteration 14 max_score: 2362 avg_missed: 0.005 makespan: 310
INFO:root:iteration 15 max_score: 2362 avg_missed: 0.0 makespan: 310
INFO:root:iteration 16 max_score: 2362 avg_missed: 0.02 makespan: 310
INFO:root:iteration 17 max_score: 2362 avg_missed: 0.03 makespan: 310
INFO:root:iteration 18 max_score: 2362 avg_missed: 0.14 makespan: 310
INFO:root:iteration 19 max_score: 2362 avg_missed: 0.0 makespan: 310
INFO:root:iteration 20 max_score: 2362 avg_missed: 0.055 makespan: 310
INFO:root:iteration 21 max_score: 2362 avg_missed: 0.04 makespan: 310
INFO:root:iteration 22 max_score: 2362 avg_missed: 0.13 makespan: 310
INFO:root:iteration 23 max_score: 2362 avg_missed: 0.035 makespan: 310
INFO:root:iteration 24 max_score: 2362 avg_missed: 0.33 makespan: 310
INFO:root:iteration 25 max_score: 2362 avg_missed: 0.115 makespan: 310
INFO:root:iteration 26 max_score: 2362 avg_missed: 0.08 makespan: 310
INFO:root:iteration 27 max_score: 2362 avg_missed: 0.085 makespan: 310
INFO:root:iteration 28 max_score: 2362 avg_missed: 0.0 makespan: 310
INFO:root:iteration 29 max_score: 2362 avg_missed: 0.045 makespan: 310
INFO:root:iteration 30 max_score: 2362 avg_missed: 0.025 makespan: 310
INFO:root:iteration 31 max_score: 2362 avg_missed: 0.0 makespan: 310
INFO:root:iteration 32 max_score: 2362 avg_missed: 0.03 makespan: 310
INFO:root:iteration 33 max_score: 2362 avg_missed: 0.045 makespan: 310
INFO:root:iteration 34 max_score: 2362 avg_missed: 0.045 makespan: 310
INFO:root:iteration 35 max_score: 2362 avg_missed: 0.015 makespan: 310
INFO:root:iteration 36 max_score: 2362 avg_missed: 0.035 makespan: 310
INFO:root:iteration 37 max_score: 2362 avg_missed: 0.015 makespan: 310
INFO:root:iteration 38 max_score: 2362 avg_missed: 0.025 makespan: 310
INFO:root:iteration 39 max_score: 2362 avg_missed: 0.03 makespan: 310
INFO:root:iteration 40 max_score: 2362 avg_missed: 0.0 makespan: 310
INFO:root:iteration 41 max_score: 2382 avg_missed: 0.055 makespan: 300
INFO:root:iteration 42 max_score: 2382 avg_missed: 0.015 makespan: 300
INFO:root:iteration 43 max_score: 2382 avg_missed: 0.105 makespan: 300
INFO:root:iteration 44 max_score: 2382 avg_missed: 0.08 makespan: 300
INFO:root:iteration 45 max_score: 2382 avg_missed: 0.0 makespan: 300
INFO:root:iteration 46 max_score: 2382 avg_missed: 0.015 makespan: 300
INFO:root:iteration 47 max_score: 2382 avg_missed: 0.33 makespan: 300
INFO:root:iteration 48 max_score: 2382 avg_missed: 0.105 makespan: 300
INFO:root:iteration 49 max_score: 2382 avg_missed: 0.035 makespan: 300
INFO:root:iteration 50 max_score: 2382 avg_missed: 0.06 makespan: 300
INFO:root:total execution time on each core: [40, 90, 170, 300]
INFO:root:best schedule: [1, 3, 0, 2, 1, 3, 2, 3, 2, 3, 2, 1, 3, 1, 2, 3, 3, 2, 3, 0]
INFO:root:--------------------
INFO:root:core 0: {2: (80, 160), 19: (300, 300)}
INFO:root:core 1: {0: (0, 0), 4: (80, 160), 11: (180, 240), 13: (250, 290)}
INFO:root:core 2: {3: (80, 120), 6: (120, 160), 8: (180, 210), 10: (210, 240), 14: (250, 270), 17: (290, 300)}
INFO:root:core 3: {1: (0, 80), 5: (80, 120), 7: (120, 180), 9: (180, 210), 12: (210, 250), 15: (250, 270), 16: (270, 290), 18: (290, 300)}
INFO:root:makespan: 300
